<?xml version="1.0" encoding="UTF-8"?>
<testsuite name="com.example.catbreeds.domain.LoginUseCaseTest" tests="2" skipped="0" failures="0" errors="0" timestamp="2026-01-03T05:19:57" hostname="Mac-mini-de-Edgar.local" time="0.003">
  <properties/>
  <testcase name="invalid username fails" classname="com.example.catbreeds.domain.LoginUseCaseTest" time="0.001"/>
  <testcase name="valid credentials succeed" classname="com.example.catbreeds.domain.LoginUseCaseTest" time="0.002"/>
  <system-out><![CDATA[]]></system-out>
  <system-err><![CDATA[]]></system-err>
</testsuite>
