<?xml version="1.0" encoding="UTF-8"?>
<testsuite name="com.example.catbreeds.data.FavoritesRepositoryTest" tests="1" skipped="0" failures="0" errors="0" timestamp="2026-01-03T05:17:33" hostname="Mac-mini-de-Edgar.local" time="0.233">
  <properties/>
  <testcase name="toggle favorite adds and removes[desktop]" classname="com.example.catbreeds.data.FavoritesRepositoryTest" time="0.233"/>
  <system-out><![CDATA[]]></system-out>
  <system-err><![CDATA[SLF4J: Failed to load class "org.slf4j.impl.StaticLoggerBinder".
SLF4J: Defaulting to no-operation (NOP) logger implementation
SLF4J: See http://www.slf4j.org/codes.html#StaticLoggerBinder for further details.
]]></system-err>
</testsuite>
